Added Component: Designator=C1(0603_C)
Add component. Clean all parameters for all variants
Added Component: Designator=C2(0603_C)
Add component. Clean all parameters for all variants
Added Component: Designator=C3(0603_C)
Add component. Clean all parameters for all variants
Added Component: Designator=C4(CAP-SMD_BD6.3-L6.6-W6.6-FD)
Add component. Clean all parameters for all variants
Add component (AddParameter): Name = "LatestRevisionDate"; Value = "29-May-2009"; VariantName = "[No Variations]"
Add component (AddParameter): Name = "LatestRevisionNote"; Value = "IPC-7351 Footprint Added."; VariantName = "[No Variations]"
Add component (AddParameter): Name = "PackageDescription"; Value = "Chip Capacitor"; VariantName = "[No Variations]"
Add component (AddParameter): Name = "PackageReference"; Value = "C0805"; VariantName = "[No Variations]"
Add component (AddParameter): Name = "Published"; Value = "8-Jun-2000"; VariantName = "[No Variations]"
Add component (AddParameter): Name = "Publisher"; Value = "Altium Limited"; VariantName = "[No Variations]"
Add component (AddParameter): Name = "Value"; Value = "220uf"; VariantName = "[No Variations]"
Added Component: Designator=C5(0603_C)
Add component. Clean all parameters for all variants
Added Component: Designator=C6(0603_C)
Add component. Clean all parameters for all variants
Added Component: Designator=C7(0603_C)
Add component. Clean all parameters for all variants
Added Component: Designator=C8(0603_C)
Add component. Clean all parameters for all variants
Added Component: Designator=C9(0603_C)
Add component. Clean all parameters for all variants
Added Component: Designator=CN1(ZH1.5MM-6P)
Add component. Clean all parameters for all variants
Add component (AddParameter): Name = "BOM_Manufacturer"; Value = "Changjiang Connectors"; VariantName = "[No Variations]"
Add component (AddParameter): Name = "BOM_Manufacturer Part"; Value = "A1501WR-S-6P"; VariantName = "[No Variations]"
Add component (AddParameter): Name = "BOM_Supplier"; Value = "LCSC"; VariantName = "[No Variations]"
Add component (AddParameter): Name = "BOM_Supplier Part"; Value = "C225171"; VariantName = "[No Variations]"
Add component (AddParameter): Name = "Contributor"; Value = "LCSC"; VariantName = "[No Variations]"
Add component (AddParameter): Name = "spicePre"; Value = "C"; VariantName = "[No Variations]"
Added Component: Designator=D1(0603_LED)
Add component. Clean all parameters for all variants
Add component (AddParameter): Name = "LatestRevisionDate"; Value = "17-Jul-2002"; VariantName = "[No Variations]"
Add component (AddParameter): Name = "LatestRevisionNote"; Value = "Re-released for DXP Platform."; VariantName = "[No Variations]"
Add component (AddParameter): Name = "PackageDescription"; Value = "SM LED; 2 Flat Leads"; VariantName = "[No Variations]"
Add component (AddParameter): Name = "PackageReference"; Value = "3.2X1.6X1.1"; VariantName = "[No Variations]"
Add component (AddParameter): Name = "PackageVersion"; Value = "Feb-2002"; VariantName = "[No Variations]"
Add component (AddParameter): Name = "Published"; Value = "8-Jun-2000"; VariantName = "[No Variations]"
Add component (AddParameter): Name = "Publisher"; Value = "Altium Limited"; VariantName = "[No Variations]"
Added Component: Designator=H1(HDR1X4)
Add component. Clean all parameters for all variants
Added Component: Designator=LED1(LED-5050_4P)
Add component. Clean all parameters for all variants
Add component (AddParameter): Name = "BOM_Manufacturer"; Value = "Worldsemi"; VariantName = "[No Variations]"
Add component (AddParameter): Name = "BOM_Manufacturer Part"; Value = "WS2812C"; VariantName = "[No Variations]"
Add component (AddParameter): Name = "BOM_Supplier"; Value = "LCSC"; VariantName = "[No Variations]"
Add component (AddParameter): Name = "BOM_Supplier Part"; Value = "C114587"; VariantName = "[No Variations]"
Add component (AddParameter): Name = "Contributor"; Value = "LCSC"; VariantName = "[No Variations]"
Add component (AddParameter): Name = "spicePre"; Value = "L"; VariantName = "[No Variations]"
Add component (AddParameter): Name = "spiceSymbolName"; Value = "WS2812C"; VariantName = "[No Variations]"
Added Component: Designator=LED2(LED-5050_4P)
Add component. Clean all parameters for all variants
Add component (AddParameter): Name = "BOM_Manufacturer"; Value = "Worldsemi"; VariantName = "[No Variations]"
Add component (AddParameter): Name = "BOM_Manufacturer Part"; Value = "WS2812C"; VariantName = "[No Variations]"
Add component (AddParameter): Name = "BOM_Supplier"; Value = "LCSC"; VariantName = "[No Variations]"
Add component (AddParameter): Name = "BOM_Supplier Part"; Value = "C114587"; VariantName = "[No Variations]"
Add component (AddParameter): Name = "Contributor"; Value = "LCSC"; VariantName = "[No Variations]"
Add component (AddParameter): Name = "spicePre"; Value = "L"; VariantName = "[No Variations]"
Add component (AddParameter): Name = "spiceSymbolName"; Value = "WS2812C"; VariantName = "[No Variations]"
Added Component: Designator=P1(HDR2X5H)
Add component. Clean all parameters for all variants
Add component (AddParameter): Name = "LatestRevisionDate"; Value = "17-Jul-2002"; VariantName = "[No Variations]"
Add component (AddParameter): Name = "LatestRevisionNote"; Value = "Re-released for DXP Platform."; VariantName = "[No Variations]"
Add component (AddParameter): Name = "Publisher"; Value = "Altium Limited"; VariantName = "[No Variations]"
Added Component: Designator=P2(HDR2X5H)
Add component. Clean all parameters for all variants
Add component (AddParameter): Name = "LatestRevisionDate"; Value = "17-Jul-2002"; VariantName = "[No Variations]"
Add component (AddParameter): Name = "LatestRevisionNote"; Value = "Re-released for DXP Platform."; VariantName = "[No Variations]"
Add component (AddParameter): Name = "Publisher"; Value = "Altium Limited"; VariantName = "[No Variations]"
Added Component: Designator=R1(0603_R)
Add component. Clean all parameters for all variants
Add component (AddParameter): Name = "LatestRevisionDate"; Value = "17-Jul-2002"; VariantName = "[No Variations]"
Add component (AddParameter): Name = "LatestRevisionNote"; Value = "Re-released for DXP Platform."; VariantName = "[No Variations]"
Add component (AddParameter): Name = "PackageReference"; Value = "AXIAL-0.4"; VariantName = "[No Variations]"
Add component (AddParameter): Name = "Published"; Value = "8-Jun-2000"; VariantName = "[No Variations]"
Add component (AddParameter): Name = "Publisher"; Value = "Altium Limited"; VariantName = "[No Variations]"
Add component (AddParameter): Name = "Value"; Value = ""; VariantName = "[No Variations]"
Added Component: Designator=R2(0603_R)
Add component. Clean all parameters for all variants
Add component (AddParameter): Name = "LatestRevisionDate"; Value = "17-Jul-2002"; VariantName = "[No Variations]"
Add component (AddParameter): Name = "LatestRevisionNote"; Value = "Re-released for DXP Platform."; VariantName = "[No Variations]"
Add component (AddParameter): Name = "PackageReference"; Value = "AXIAL-0.4"; VariantName = "[No Variations]"
Add component (AddParameter): Name = "Published"; Value = "8-Jun-2000"; VariantName = "[No Variations]"
Add component (AddParameter): Name = "Publisher"; Value = "Altium Limited"; VariantName = "[No Variations]"
Add component (AddParameter): Name = "Value"; Value = ""; VariantName = "[No Variations]"
Added Component: Designator=R3(0603_R)
Add component. Clean all parameters for all variants
Add component (AddParameter): Name = "LatestRevisionDate"; Value = "17-Jul-2002"; VariantName = "[No Variations]"
Add component (AddParameter): Name = "LatestRevisionNote"; Value = "Re-released for DXP Platform."; VariantName = "[No Variations]"
Add component (AddParameter): Name = "PackageReference"; Value = "AXIAL-0.4"; VariantName = "[No Variations]"
Add component (AddParameter): Name = "Published"; Value = "8-Jun-2000"; VariantName = "[No Variations]"
Add component (AddParameter): Name = "Publisher"; Value = "Altium Limited"; VariantName = "[No Variations]"
Add component (AddParameter): Name = "Value"; Value = ""; VariantName = "[No Variations]"
Added Component: Designator=R4(0603_R)
Add component. Clean all parameters for all variants
Add component (AddParameter): Name = "LatestRevisionDate"; Value = "17-Jul-2002"; VariantName = "[No Variations]"
Add component (AddParameter): Name = "LatestRevisionNote"; Value = "Re-released for DXP Platform."; VariantName = "[No Variations]"
Add component (AddParameter): Name = "PackageReference"; Value = "AXIAL-0.4"; VariantName = "[No Variations]"
Add component (AddParameter): Name = "Published"; Value = "8-Jun-2000"; VariantName = "[No Variations]"
Add component (AddParameter): Name = "Publisher"; Value = "Altium Limited"; VariantName = "[No Variations]"
Add component (AddParameter): Name = "Value"; Value = ""; VariantName = "[No Variations]"
Added Component: Designator=R5(0603_R)
Add component. Clean all parameters for all variants
Add component (AddParameter): Name = "LatestRevisionDate"; Value = "17-Jul-2002"; VariantName = "[No Variations]"
Add component (AddParameter): Name = "LatestRevisionNote"; Value = "Re-released for DXP Platform."; VariantName = "[No Variations]"
Add component (AddParameter): Name = "PackageReference"; Value = "AXIAL-0.4"; VariantName = "[No Variations]"
Add component (AddParameter): Name = "Published"; Value = "8-Jun-2000"; VariantName = "[No Variations]"
Add component (AddParameter): Name = "Publisher"; Value = "Altium Limited"; VariantName = "[No Variations]"
Add component (AddParameter): Name = "Value"; Value = ""; VariantName = "[No Variations]"
Added Component: Designator=R6(0603_R)
Add component. Clean all parameters for all variants
Add component (AddParameter): Name = "LatestRevisionDate"; Value = "17-Jul-2002"; VariantName = "[No Variations]"
Add component (AddParameter): Name = "LatestRevisionNote"; Value = "Re-released for DXP Platform."; VariantName = "[No Variations]"
Add component (AddParameter): Name = "PackageReference"; Value = "AXIAL-0.4"; VariantName = "[No Variations]"
Add component (AddParameter): Name = "Published"; Value = "8-Jun-2000"; VariantName = "[No Variations]"
Add component (AddParameter): Name = "Publisher"; Value = "Altium Limited"; VariantName = "[No Variations]"
Add component (AddParameter): Name = "Value"; Value = ""; VariantName = "[No Variations]"
Added Component: Designator=R7(0603_R)
Add component. Clean all parameters for all variants
Add component (AddParameter): Name = "LatestRevisionDate"; Value = "17-Jul-2002"; VariantName = "[No Variations]"
Add component (AddParameter): Name = "LatestRevisionNote"; Value = "Re-released for DXP Platform."; VariantName = "[No Variations]"
Add component (AddParameter): Name = "PackageReference"; Value = "AXIAL-0.4"; VariantName = "[No Variations]"
Add component (AddParameter): Name = "Published"; Value = "8-Jun-2000"; VariantName = "[No Variations]"
Add component (AddParameter): Name = "Publisher"; Value = "Altium Limited"; VariantName = "[No Variations]"
Add component (AddParameter): Name = "Value"; Value = ""; VariantName = "[No Variations]"
Added Component: Designator=R8(0603_R)
Add component. Clean all parameters for all variants
Add component (AddParameter): Name = "LatestRevisionDate"; Value = "17-Jul-2002"; VariantName = "[No Variations]"
Add component (AddParameter): Name = "LatestRevisionNote"; Value = "Re-released for DXP Platform."; VariantName = "[No Variations]"
Add component (AddParameter): Name = "PackageReference"; Value = "AXIAL-0.4"; VariantName = "[No Variations]"
Add component (AddParameter): Name = "Published"; Value = "8-Jun-2000"; VariantName = "[No Variations]"
Add component (AddParameter): Name = "Publisher"; Value = "Altium Limited"; VariantName = "[No Variations]"
Add component (AddParameter): Name = "Value"; Value = ""; VariantName = "[No Variations]"
Added Component: Designator=R9(0603_R)
Add component. Clean all parameters for all variants
Add component (AddParameter): Name = "LatestRevisionDate"; Value = "17-Jul-2002"; VariantName = "[No Variations]"
Add component (AddParameter): Name = "LatestRevisionNote"; Value = "Re-released for DXP Platform."; VariantName = "[No Variations]"
Add component (AddParameter): Name = "PackageReference"; Value = "AXIAL-0.4"; VariantName = "[No Variations]"
Add component (AddParameter): Name = "Published"; Value = "8-Jun-2000"; VariantName = "[No Variations]"
Add component (AddParameter): Name = "Publisher"; Value = "Altium Limited"; VariantName = "[No Variations]"
Add component (AddParameter): Name = "Value"; Value = ""; VariantName = "[No Variations]"
Added Component: Designator=R10(0603_R)
Add component. Clean all parameters for all variants
Add component (AddParameter): Name = "LatestRevisionDate"; Value = "17-Jul-2002"; VariantName = "[No Variations]"
Add component (AddParameter): Name = "LatestRevisionNote"; Value = "Re-released for DXP Platform."; VariantName = "[No Variations]"
Add component (AddParameter): Name = "PackageReference"; Value = "AXIAL-0.4"; VariantName = "[No Variations]"
Add component (AddParameter): Name = "Published"; Value = "8-Jun-2000"; VariantName = "[No Variations]"
Add component (AddParameter): Name = "Publisher"; Value = "Altium Limited"; VariantName = "[No Variations]"
Add component (AddParameter): Name = "Value"; Value = ""; VariantName = "[No Variations]"
Added Component: Designator=R11(0603_R)
Add component. Clean all parameters for all variants
Add component (AddParameter): Name = "LatestRevisionDate"; Value = "17-Jul-2002"; VariantName = "[No Variations]"
Add component (AddParameter): Name = "LatestRevisionNote"; Value = "Re-released for DXP Platform."; VariantName = "[No Variations]"
Add component (AddParameter): Name = "PackageReference"; Value = "AXIAL-0.4"; VariantName = "[No Variations]"
Add component (AddParameter): Name = "Published"; Value = "8-Jun-2000"; VariantName = "[No Variations]"
Add component (AddParameter): Name = "Publisher"; Value = "Altium Limited"; VariantName = "[No Variations]"
Add component (AddParameter): Name = "Value"; Value = ""; VariantName = "[No Variations]"
Added Component: Designator=R12(0603_R)
Add component. Clean all parameters for all variants
Add component (AddParameter): Name = "LatestRevisionDate"; Value = "17-Jul-2002"; VariantName = "[No Variations]"
Add component (AddParameter): Name = "LatestRevisionNote"; Value = "Re-released for DXP Platform."; VariantName = "[No Variations]"
Add component (AddParameter): Name = "PackageReference"; Value = "AXIAL-0.4"; VariantName = "[No Variations]"
Add component (AddParameter): Name = "Published"; Value = "8-Jun-2000"; VariantName = "[No Variations]"
Add component (AddParameter): Name = "Publisher"; Value = "Altium Limited"; VariantName = "[No Variations]"
Add component (AddParameter): Name = "Value"; Value = ""; VariantName = "[No Variations]"
Added Component: Designator=R13(0603_R)
Add component. Clean all parameters for all variants
Add component (AddParameter): Name = "LatestRevisionDate"; Value = "17-Jul-2002"; VariantName = "[No Variations]"
Add component (AddParameter): Name = "LatestRevisionNote"; Value = "Re-released for DXP Platform."; VariantName = "[No Variations]"
Add component (AddParameter): Name = "PackageReference"; Value = "AXIAL-0.4"; VariantName = "[No Variations]"
Add component (AddParameter): Name = "Published"; Value = "8-Jun-2000"; VariantName = "[No Variations]"
Add component (AddParameter): Name = "Publisher"; Value = "Altium Limited"; VariantName = "[No Variations]"
Add component (AddParameter): Name = "Value"; Value = ""; VariantName = "[No Variations]"
Added Component: Designator=R14(0603_R)
Add component. Clean all parameters for all variants
Add component (AddParameter): Name = "LatestRevisionDate"; Value = "17-Jul-2002"; VariantName = "[No Variations]"
Add component (AddParameter): Name = "LatestRevisionNote"; Value = "Re-released for DXP Platform."; VariantName = "[No Variations]"
Add component (AddParameter): Name = "PackageReference"; Value = "AXIAL-0.4"; VariantName = "[No Variations]"
Add component (AddParameter): Name = "Published"; Value = "8-Jun-2000"; VariantName = "[No Variations]"
Add component (AddParameter): Name = "Publisher"; Value = "Altium Limited"; VariantName = "[No Variations]"
Add component (AddParameter): Name = "Value"; Value = ""; VariantName = "[No Variations]"
Added Component: Designator=U1(TSSOP20)
Add component. Clean all parameters for all variants
Added Pin To Net: NetName=3V3 Pin=H1-1
Added Pin To Net: NetName=3V3 Pin=P1-8
Added Pin To Net: NetName=3V3 Pin=P2-9
Added Pin To Net: NetName=3V3 Pin=R2-1
Added Pin To Net: NetName=3V3 Pin=R9-2
Added Net: Name=3V3
Added Pin To Net: NetName=5V Pin=C1-1
Added Pin To Net: NetName=5V Pin=C2-1
Added Pin To Net: NetName=5V Pin=C3-1
Added Pin To Net: NetName=5V Pin=C8-2
Added Pin To Net: NetName=5V Pin=C9-2
Added Pin To Net: NetName=5V Pin=CN1-1
Added Pin To Net: NetName=5V Pin=LED1-1
Added Pin To Net: NetName=5V Pin=LED2-1
Added Pin To Net: NetName=5V Pin=P1-6
Added Pin To Net: NetName=5V Pin=P2-10
Added Pin To Net: NetName=5V Pin=R3-1
Added Pin To Net: NetName=5V Pin=R5-1
Added Pin To Net: NetName=5V Pin=U1-9
Added Net: Name=5V
Added Pin To Net: NetName=GND Pin=C1-2
Added Pin To Net: NetName=GND Pin=C2-2
Added Pin To Net: NetName=GND Pin=C3-2
Added Pin To Net: NetName=GND Pin=C4-2
Added Pin To Net: NetName=GND Pin=C5-1
Added Pin To Net: NetName=GND Pin=C6-2
Added Pin To Net: NetName=GND Pin=C7-2
Added Pin To Net: NetName=GND Pin=C8-1
Added Pin To Net: NetName=GND Pin=C9-1
Added Pin To Net: NetName=GND Pin=CN1-3
Added Pin To Net: NetName=GND Pin=CN1-5
Added Pin To Net: NetName=GND Pin=CN1-7
Added Pin To Net: NetName=GND Pin=CN1-8
Added Pin To Net: NetName=GND Pin=D1-2
Added Pin To Net: NetName=GND Pin=H1-3
Added Pin To Net: NetName=GND Pin=LED1-3
Added Pin To Net: NetName=GND Pin=LED2-3
Added Pin To Net: NetName=GND Pin=P1-4
Added Pin To Net: NetName=GND Pin=P1-10
Added Pin To Net: NetName=GND Pin=P2-7
Added Pin To Net: NetName=GND Pin=P2-8
Added Pin To Net: NetName=GND Pin=U1-7
Added Net: Name=GND
Added Pin To Net: NetName=IR_RX Pin=R11-1
Added Pin To Net: NetName=IR_RX Pin=U1-16
Added Net: Name=IR_RX
Added Pin To Net: NetName=IR_TX Pin=R10-1
Added Pin To Net: NetName=IR_TX Pin=U1-17
Added Net: Name=IR_TX
Added Pin To Net: NetName=KEY Pin=P2-4
Added Pin To Net: NetName=KEY Pin=R5-2
Added Pin To Net: NetName=KEY Pin=R6-2
Added Net: Name=KEY
Added Pin To Net: NetName=NetC4_1 Pin=C4-1
Added Pin To Net: NetName=NetC4_1 Pin=CN1-6
Added Pin To Net: NetName=NetC4_1 Pin=R3-2
Added Net: Name=NetC4_1
Added Pin To Net: NetName=NetC6_1 Pin=C6-1
Added Pin To Net: NetName=NetC6_1 Pin=R4-1
Added Pin To Net: NetName=NetC6_1 Pin=U1-14
Added Net: Name=NetC6_1
Added Pin To Net: NetName=NetC7_1 Pin=C7-1
Added Pin To Net: NetName=NetC7_1 Pin=U1-8
Added Net: Name=NetC7_1
Added Pin To Net: NetName=NetCN1_2 Pin=CN1-2
Added Pin To Net: NetName=NetCN1_2 Pin=R1-2
Added Net: Name=NetCN1_2
Added Pin To Net: NetName=NetD1_1 Pin=D1-1
Added Pin To Net: NetName=NetD1_1 Pin=R9-1
Added Net: Name=NetD1_1
Added Pin To Net: NetName=NetLED1_4 Pin=LED1-4
Added Pin To Net: NetName=NetLED1_4 Pin=LED2-2
Added Net: Name=NetLED1_4
Added Pin To Net: NetName=NetP1_1 Pin=P1-1
Added Pin To Net: NetName=NetP1_1 Pin=R14-2
Added Net: Name=NetP1_1
Added Pin To Net: NetName=NetP1_3 Pin=P1-3
Added Pin To Net: NetName=NetP1_3 Pin=R13-2
Added Net: Name=NetP1_3
Added Pin To Net: NetName=NetP1_5 Pin=P1-5
Added Pin To Net: NetName=NetP1_5 Pin=R12-2
Added Net: Name=NetP1_5
Added Pin To Net: NetName=NetP1_7 Pin=P1-7
Added Pin To Net: NetName=NetP1_7 Pin=R11-2
Added Net: Name=NetP1_7
Added Pin To Net: NetName=NetP1_9 Pin=P1-9
Added Pin To Net: NetName=NetP1_9 Pin=R10-2
Added Net: Name=NetP1_9
Added Pin To Net: NetName=NetR6_1 Pin=R6-1
Added Pin To Net: NetName=NetR6_1 Pin=U1-13
Added Net: Name=NetR6_1
Added Pin To Net: NetName=NetR7_1 Pin=R7-1
Added Pin To Net: NetName=NetR7_1 Pin=U1-12
Added Net: Name=NetR7_1
Added Pin To Net: NetName=NetR8_1 Pin=R8-1
Added Pin To Net: NetName=NetR8_1 Pin=U1-11
Added Net: Name=NetR8_1
Added Pin To Net: NetName=NRST Pin=C5-2
Added Pin To Net: NetName=NRST Pin=H1-4
Added Pin To Net: NetName=NRST Pin=R2-2
Added Pin To Net: NetName=NRST Pin=U1-4
Added Net: Name=NRST
Added Pin To Net: NetName=PM25LED Pin=CN1-4
Added Pin To Net: NetName=PM25LED Pin=U1-6
Added Net: Name=PM25LED
Added Pin To Net: NetName=PM25VO Pin=R1-1
Added Pin To Net: NetName=PM25VO Pin=U1-19
Added Net: Name=PM25VO
Added Pin To Net: NetName=SCL Pin=P2-5
Added Pin To Net: NetName=SCL Pin=R7-2
Added Net: Name=SCL
Added Pin To Net: NetName=SDA Pin=P2-3
Added Pin To Net: NetName=SDA Pin=R8-2
Added Net: Name=SDA
Added Pin To Net: NetName=STATUS_LED Pin=LED2-4
Added Pin To Net: NetName=STATUS_LED Pin=U1-20
Added Net: Name=STATUS_LED
Added Pin To Net: NetName=SWIM Pin=H1-2
Added Pin To Net: NetName=SWIM Pin=U1-18
Added Net: Name=SWIM
Added Pin To Net: NetName=VOC Pin=P2-6
Added Pin To Net: NetName=VOC Pin=R4-2
Added Net: Name=VOC
Added Pin To Net: NetName=WIFI_LED Pin=P1-2
Added Pin To Net: NetName=WIFI_LED Pin=U1-10
Added Pin To Net: NetName=WIFI_LED Pin=U1-15
Added Net: Name=WIFI_LED
Added Pin To Net: NetName=WIFI_RST Pin=R14-1
Added Pin To Net: NetName=WIFI_RST Pin=U1-1
Added Net: Name=WIFI_RST
Added Pin To Net: NetName=WIFI_RX Pin=R13-1
Added Pin To Net: NetName=WIFI_RX Pin=U1-2
Added Net: Name=WIFI_RX
Added Pin To Net: NetName=WIFI_TX Pin=R12-1
Added Pin To Net: NetName=WIFI_TX Pin=U1-3
Added Net: Name=WIFI_TX
Added Member To Class: ClassName=LZ_AirBox Member=Component C1 100nF
Added Member To Class: ClassName=LZ_AirBox Member=Component C2 100nF
Added Member To Class: ClassName=LZ_AirBox Member=Component C3 100nF
Added Member To Class: ClassName=LZ_AirBox Member=Component C4 Cap Pol3
Added Member To Class: ClassName=LZ_AirBox Member=Component C5 100nF
Added Member To Class: ClassName=LZ_AirBox Member=Component C6 100nF
Added Member To Class: ClassName=LZ_AirBox Member=Component C7 1uF
Added Member To Class: ClassName=LZ_AirBox Member=Component C8 10uF
Added Member To Class: ClassName=LZ_AirBox Member=Component C9 100nF
Added Member To Class: ClassName=LZ_AirBox Member=Component CN1 ZH1.5MM-6P
Added Member To Class: ClassName=LZ_AirBox Member=Component D1 LED2
Added Member To Class: ClassName=LZ_AirBox Member=Component H1 DownloadPort
Added Member To Class: ClassName=LZ_AirBox Member=Component LED1 WS2812C
Added Member To Class: ClassName=LZ_AirBox Member=Component LED2 WS2812C
Added Member To Class: ClassName=LZ_AirBox Member=Component P1 Header 5X2H
Added Member To Class: ClassName=LZ_AirBox Member=Component P2 Header 5X2H
Added Member To Class: ClassName=LZ_AirBox Member=Component R1 1K
Added Member To Class: ClassName=LZ_AirBox Member=Component R2 10K
Added Member To Class: ClassName=LZ_AirBox Member=Component R3 150R
Added Member To Class: ClassName=LZ_AirBox Member=Component R4 1K
Added Member To Class: ClassName=LZ_AirBox Member=Component R5 10K
Added Member To Class: ClassName=LZ_AirBox Member=Component R6 2K
Added Member To Class: ClassName=LZ_AirBox Member=Component R7 100R
Added Member To Class: ClassName=LZ_AirBox Member=Component R8 100R
Added Member To Class: ClassName=LZ_AirBox Member=Component R9 10K
Added Member To Class: ClassName=LZ_AirBox Member=Component R10 4.7K
Added Member To Class: ClassName=LZ_AirBox Member=Component R11 1K
Added Member To Class: ClassName=LZ_AirBox Member=Component R12 100R
Added Member To Class: ClassName=LZ_AirBox Member=Component R13 100R
Added Member To Class: ClassName=LZ_AirBox Member=Component R14 10K
Added Member To Class: ClassName=LZ_AirBox Member=Component U1 STM8S103F3P6
Added Room: Name=LZ_AirBox
